<?xml version="1.0" encoding="UTF-8"?>
<!-- Generated by org.testng.reporters.JUnitReportReporter -->
<testsuite skipped="0" hostname="Paruls-MacBook-Pro.local" name="com.inetBanking.testCases.TC_LoginTest_001" tests="1" failures="0" timestamp="31 Aug 2021 00:00:14 GMT" time="1.206" errors="0">
  <testcase name="loginTest" time="1.206" classname="com.inetBanking.testCases.TC_LoginTest_001"/>
</testsuite> <!-- com.inetBanking.testCases.TC_LoginTest_001 -->
