<?xml version="1.0" encoding="UTF-8"?>
<!-- Generated by org.testng.reporters.JUnitReportReporter -->
<testsuite skipped="0" hostname="Paruls-MacBook-Pro.local" name="com.inetBanking.testCases.TC_AddCustomerTest_003" tests="1" failures="0" timestamp="31 Aug 2021 00:00:09 GMT" time="14.200" errors="0">
  <testcase name="addNewCustomer" time="14.200" classname="com.inetBanking.testCases.TC_AddCustomerTest_003"/>
</testsuite> <!-- com.inetBanking.testCases.TC_AddCustomerTest_003 -->
